<?xml version="1.0" encoding="UTF-8"?>
<!-- Generated by org.testng.reporters.JUnitReportReporter -->
<testsuite hostname="MacBook-Air-Marina.local" failures="0" tests="4" name="homework_24.TestExcelBasic" time="10.903" errors="0" timestamp="08 Jun 2020 19:18:16 GMT" skipped="0">
  <testcase classname="homework_24.TestExcelBasic" name="typeLogin" time="2.539"/>
  <testcase classname="homework_24.TestExcelBasic" name="typeLogin" time="1.898"/>
  <testcase classname="homework_24.TestExcelBasic" name="typeLogin" time="4.168"/>
  <testcase classname="homework_24.TestExcelBasic" name="typeLogin" time="2.298"/>
</testsuite> <!-- homework_24.TestExcelBasic -->
