<?xml version="1.0" encoding="UTF-8"?>
<!-- Generated by org.testng.reporters.JUnitReportReporter -->
<testsuite hostname="MacBook-Air-Marina.local" failures="0" tests="3" name="homework_24.TestHashTable" time="13.346" errors="0" timestamp="08 Jun 2020 19:18:16 GMT" skipped="0">
  <testcase classname="homework_24.TestHashTable" name="typeLogin" time="6.469"/>
  <testcase classname="homework_24.TestHashTable" name="typeLogin" time="3.501"/>
  <testcase classname="homework_24.TestHashTable" name="typeLogin" time="3.376"/>
</testsuite> <!-- homework_24.TestHashTable -->
